<?xml version="1.0" encoding="UTF-8"?>
<!-- Generated by org.testng.reporters.JUnitXMLReporter -->
<testsuite ignored="4" hostname="HISPLs-Mac-mini.local" failures="0" tests="1" name="Default test" time="4.588" errors="0" timestamp="2024-06-15T11:38:09 IST">
  <testcase classname="testCases.DemoTest" name="testDropDown" time="4.571"/>
  <testcase classname="testCases.DemoTest" name="testOne" time="0.0">
    <ignored/>
  </testcase> <!-- testOne -->
  <testcase classname="testCases.DemoTest" name="testScroll" time="0.0">
    <ignored/>
  </testcase> <!-- testScroll -->
  <testcase classname="testCases.DemoTest" name="testTwoiOSclassChain" time="0.0">
    <ignored/>
  </testcase> <!-- testTwoiOSclassChain -->
  <testcase classname="testCases.DemoTest" name="testLongPress" time="0.0">
    <ignored/>
  </testcase> <!-- testLongPress -->
</testsuite> <!-- Default test -->
