<?xml version="1.0" encoding="UTF-8"?>
<testng-results ignored="0" total="1" passed="1" failed="0" skipped="0">
  <reporter-output>
  </reporter-output>
  <suite started-at="2024-06-17T14:47:52 IST" name="Default suite" finished-at="2024-06-17T14:47:57 IST" duration-ms="5738">
    <groups>
    </groups>
    <test started-at="2024-06-17T14:47:52 IST" name="Default test" finished-at="2024-06-17T14:47:57 IST" duration-ms="5738">
      <class name="testCases.SwappingiOS">
        <test-method signature="swappingTest()[pri:0, instance:testCases.SwappingiOS@31c88ec8]" started-at="2024-06-17T14:47:52 IST" name="swappingTest" finished-at="2024-06-17T14:47:57 IST" duration-ms="5715" status="PASS">
          <reporter-output>
          </reporter-output>
        </test-method> <!-- swappingTest -->
      </class> <!-- testCases.SwappingiOS -->
    </test> <!-- Default test -->
  </suite> <!-- Default suite -->
</testng-results>
