<?xml version="1.0" encoding="UTF-8"?>
<testng-results ignored="0" total="1" passed="1" failed="0" skipped="0">
  <reporter-output>
  </reporter-output>
  <suite started-at="2024-06-12T15:43:16 IST" name="Default suite" finished-at="2024-06-12T15:43:23 IST" duration-ms="6716">
    <groups>
    </groups>
    <test started-at="2024-06-12T15:43:16 IST" name="Default test" finished-at="2024-06-12T15:43:23 IST" duration-ms="6716">
      <class name="baseSetUp.BaseClass">
        <test-method signature="setUp()[pri:0, instance:baseSetUp.BaseClass@31c88ec8]" started-at="2024-06-12T15:43:16 IST" name="setUp" finished-at="2024-06-12T15:43:23 IST" duration-ms="6697" status="PASS">
          <reporter-output>
          </reporter-output>
        </test-method> <!-- setUp -->
      </class> <!-- baseSetUp.BaseClass -->
    </test> <!-- Default test -->
  </suite> <!-- Default suite -->
</testng-results>
